<?xml version="1.0" encoding="UTF-8"?>
<testsuite name="com.sirentide.SirentideM0Test" tests="3" skipped="0" failures="0" errors="0" timestamp="2026-07-05T00:25:06.681Z" hostname="Charless-MBP.lan" time="0.011">
  <properties/>
  <testcase name="numberFormattingIsDeterministicIntegerWhenWhole()" classname="com.sirentide.SirentideM0Test" time="0.006"/>
  <testcase name="emptyDiagramBakesToContractCleanSvgShell()" classname="com.sirentide.SirentideM0Test" time="0.0"/>
  <testcase name="outputCarriesNoExecutableSurface()" classname="com.sirentide.SirentideM0Test" time="0.0"/>
  <system-out><![CDATA[]]></system-out>
  <system-err><![CDATA[]]></system-err>
</testsuite>
